
                            < M A T L A B (R) >
                  Copyright 1984-2016 The MathWorks, Inc.
                   R2016a (9.0.0.370719) 64-bit (glnxa64)
                               April 13, 2016

 
To get started, type one of these: helpwin, helpdesk, or demo.
For product information, visit www.mathworks.com.
 

	Academic License

BCH (4095, 12) exists
BCH (4095, 24) exists
BCH (4095, 36) exists
BCH (4095, 48) exists
BCH (4095, 60) exists
BCH (4095, 72) exists
BCH (4095, 84) exists
BCH (4095, 96) exists
BCH (4095, 108) exists
BCH (4095, 120) exists
BCH (4095, 132) exists
BCH (4095, 144) exists
BCH (4095, 156) exists
BCH (4095, 168) exists
BCH (4095, 180) exists
BCH (4095, 192) exists
BCH (4095, 204) exists
BCH (4095, 216) exists
BCH (4095, 228) exists
BCH (4095, 240) exists
BCH (4095, 252) exists
BCH (4095, 264) exists
BCH (4095, 276) exists
BCH (4095, 288) exists
BCH (4095, 300) exists
BCH (4095, 312) exists
BCH (4095, 324) exists
BCH (4095, 336) exists
BCH (4095, 348) exists
BCH (4095, 360) exists
BCH (4095, 372) exists
BCH (4095, 384) exists
BCH (4095, 390) exists
BCH (4095, 402) exists
BCH (4095, 414) exists
BCH (4095, 426) exists
BCH (4095, 438) exists
BCH (4095, 450) exists
BCH (4095, 462) exists
BCH (4095, 474) exists
BCH (4095, 486) exists
BCH (4095, 498) exists
BCH (4095, 510) exists
BCH (4095, 522) exists
BCH (4095, 534) exists
BCH (4095, 546) exists
BCH (4095, 558) exists
BCH (4095, 570) exists
BCH (4095, 582) exists
BCH (4095, 594) exists
BCH (4095, 606) exists
BCH (4095, 618) exists
BCH (4095, 630) exists
BCH (4095, 642) exists
BCH (4095, 654) exists
BCH (4095, 666) exists
BCH (4095, 678) exists
BCH (4095, 690) exists
BCH (4095, 702) exists
BCH (4095, 714) exists
BCH (4095, 726) exists
BCH (4095, 738) exists
BCH (4095, 750) exists
BCH (4095, 762) exists
BCH (4095, 774) exists
BCH (4095, 786) exists
BCH (4095, 798) exists
BCH (4095, 810) exists
BCH (4095, 822) exists
BCH (4095, 834) exists
BCH (4095, 846) exists
BCH (4095, 858) exists
BCH (4095, 870) exists
BCH (4095, 882) exists
BCH (4095, 894) exists
BCH (4095, 906) exists
BCH (4095, 918) exists
BCH (4095, 930) exists
BCH (4095, 942) exists
BCH (4095, 954) exists
BCH (4095, 966) exists
BCH (4095, 978) exists
BCH (4095, 990) exists
BCH (4095, 1002) exists
BCH (4095, 1014) exists
BCH (4095, 1026) exists
BCH (4095, 1038) exists
BCH (4095, 1050) exists
BCH (4095, 1062) exists
BCH (4095, 1074) exists
BCH (4095, 1086) exists
BCH (4095, 1098) exists
BCH (4095, 1110) exists
BCH (4095, 1116) exists
BCH (4095, 1128) exists
BCH (4095, 1140) exists
BCH (4095, 1152) exists
BCH (4095, 1164) exists
BCH (4095, 1176) exists
BCH (4095, 1188) exists
BCH (4095, 1200) exists
BCH (4095, 1212) exists
BCH (4095, 1224) exists
BCH (4095, 1236) exists
BCH (4095, 1248) exists
BCH (4095, 1260) exists
BCH (4095, 1272) exists
BCH (4095, 1284) exists
BCH (4095, 1296) exists
BCH (4095, 1308) exists
BCH (4095, 1320) exists
BCH (4095, 1332) exists
BCH (4095, 1344) exists
BCH (4095, 1356) exists
BCH (4095, 1368) exists
BCH (4095, 1380) exists
BCH (4095, 1392) exists
BCH (4095, 1404) exists
BCH (4095, 1416) exists
BCH (4095, 1428) exists
BCH (4095, 1440) exists
BCH (4095, 1452) exists
BCH (4095, 1464) exists
BCH (4095, 1468) exists
BCH (4095, 1480) exists
BCH (4095, 1492) exists
BCH (4095, 1504) exists
BCH (4095, 1516) exists
BCH (4095, 1528) exists
BCH (4095, 1540) exists
BCH (4095, 1552) exists
BCH (4095, 1564) exists
BCH (4095, 1576) exists
BCH (4095, 1588) exists
BCH (4095, 1600) exists
BCH (4095, 1612) exists
BCH (4095, 1624) exists
BCH (4095, 1636) exists
BCH (4095, 1648) exists
BCH (4095, 1660) exists
BCH (4095, 1672) exists
BCH (4095, 1684) exists
BCH (4095, 1696) exists
BCH (4095, 1708) exists
BCH (4095, 1720) exists
BCH (4095, 1726) exists
BCH (4095, 1738) exists
BCH (4095, 1750) exists
BCH (4095, 1762) exists
BCH (4095, 1774) exists
BCH (4095, 1786) exists
BCH (4095, 1798) exists
BCH (4095, 1810) exists
BCH (4095, 1822) exists
BCH (4095, 1834) exists
BCH (4095, 1846) exists
BCH (4095, 1858) exists
BCH (4095, 1870) exists
BCH (4095, 1882) exists
BCH (4095, 1894) exists
BCH (4095, 1906) exists
BCH (4095, 1918) exists
BCH (4095, 1930) exists
BCH (4095, 1942) exists
BCH (4095, 1954) exists
BCH (4095, 1966) exists
BCH (4095, 1978) exists
BCH (4095, 1990) exists
BCH (4095, 2002) exists
BCH (4095, 2014) exists
BCH (4095, 2026) exists
BCH (4095, 2038) exists
BCH (4095, 2050) exists
BCH (4095, 2062) exists
BCH (4095, 2074) exists
BCH (4095, 2086) exists
BCH (4095, 2098) exists
BCH (4095, 2110) exists
BCH (4095, 2122) exists
BCH (4095, 2134) exists
BCH (4095, 2146) exists
BCH (4095, 2158) exists
BCH (4095, 2170) exists
BCH (4095, 2182) exists
BCH (4095, 2194) exists
BCH (4095, 2206) exists
BCH (4095, 2218) exists
BCH (4095, 2230) exists
BCH (4095, 2242) exists
BCH (4095, 2254) exists
BCH (4095, 2266) exists
BCH (4095, 2278) exists
BCH (4095, 2290) exists
BCH (4095, 2302) exists
BCH (4095, 2308) exists
BCH (4095, 2320) exists
BCH (4095, 2332) exists
BCH (4095, 2344) exists
BCH (4095, 2356) exists
BCH (4095, 2368) exists
BCH (4095, 2380) exists
BCH (4095, 2392) exists
BCH (4095, 2404) exists
BCH (4095, 2416) exists
BCH (4095, 2428) exists
BCH (4095, 2440) exists
BCH (4095, 2452) exists
BCH (4095, 2464) exists
BCH (4095, 2476) exists
BCH (4095, 2488) exists
BCH (4095, 2500) exists
BCH (4095, 2512) exists
BCH (4095, 2524) exists
BCH (4095, 2536) exists
BCH (4095, 2548) exists
BCH (4095, 2560) exists
BCH (4095, 2572) exists
BCH (4095, 2584) exists
BCH (4095, 2596) exists
BCH (4095, 2599) exists
BCH (4095, 2611) exists
BCH (4095, 2623) exists
BCH (4095, 2635) exists
BCH (4095, 2647) exists
BCH (4095, 2659) exists
BCH (4095, 2671) exists
BCH (4095, 2683) exists
BCH (4095, 2695) exists
BCH (4095, 2707) exists
BCH (4095, 2719) exists
BCH (4095, 2731) exists
BCH (4095, 2743) exists
BCH (4095, 2755) exists
BCH (4095, 2767) exists
BCH (4095, 2779) exists
BCH (4095, 2791) exists
BCH (4095, 2803) exists
BCH (4095, 2815) exists
BCH (4095, 2827) exists
BCH (4095, 2839) exists
BCH (4095, 2851) exists
BCH (4095, 2863) exists
BCH (4095, 2875) exists
BCH (4095, 2887) exists
BCH (4095, 2899) exists
BCH (4095, 2911) exists
BCH (4095, 2923) exists
BCH (4095, 2935) exists
BCH (4095, 2947) exists
BCH (4095, 2959) exists
BCH (4095, 2971) exists
BCH (4095, 2983) exists
BCH (4095, 2995) exists
BCH (4095, 3007) exists
BCH (4095, 3019) exists
BCH (4095, 3025) exists
BCH (4095, 3037) exists
BCH (4095, 3049) exists
BCH (4095, 3061) exists
BCH (4095, 3073) exists
BCH (4095, 3085) exists
BCH (4095, 3097) exists
BCH (4095, 3109) exists
BCH (4095, 3121) exists
BCH (4095, 3133) exists
BCH (4095, 3145) exists
BCH (4095, 3157) exists
BCH (4095, 3169) exists
BCH (4095, 3181) exists
BCH (4095, 3193) exists
BCH (4095, 3205) exists
BCH (4095, 3217) exists
BCH (4095, 3229) exists
BCH (4095, 3241) exists
BCH (4095, 3245) exists
BCH (4095, 3257) exists
BCH (4095, 3269) exists
BCH (4095, 3281) exists
BCH (4095, 3293) exists
BCH (4095, 3305) exists
BCH (4095, 3311) exists
BCH (4095, 3323) exists
BCH (4095, 3335) exists
BCH (4095, 3347) exists
BCH (4095, 3359) exists
BCH (4095, 3371) exists
BCH (4095, 3383) exists
BCH (4095, 3395) exists
BCH (4095, 3407) exists
BCH (4095, 3419) exists
BCH (4095, 3431) exists
BCH (4095, 3443) exists
BCH (4095, 3455) exists
BCH (4095, 3467) exists
BCH (4095, 3479) exists
BCH (4095, 3491) exists
BCH (4095, 3503) exists
BCH (4095, 3515) exists
BCH (4095, 3527) exists
BCH (4095, 3539) exists
BCH (4095, 3551) exists
BCH (4095, 3563) exists
BCH (4095, 3575) exists
BCH (4095, 3587) exists
BCH (4095, 3599) exists
BCH (4095, 3611) exists
BCH (4095, 3617) exists
BCH (4095, 3629) exists
BCH (4095, 3641) exists
BCH (4095, 3653) exists
BCH (4095, 3665) exists
BCH (4095, 3677) exists
BCH (4095, 3689) exists
BCH (4095, 3701) exists
BCH (4095, 3713) exists
BCH (4095, 3725) exists
BCH (4095, 3737) exists
BCH (4095, 3749) exists
BCH (4095, 3761) exists
BCH (4095, 3773) exists
BCH (4095, 3775) exists
BCH (4095, 3787) exists
BCH (4095, 3799) exists
BCH (4095, 3811) exists
BCH (4095, 3823) exists
BCH (4095, 3835) exists
BCH (4095, 3847) exists
BCH (4095, 3859) exists
BCH (4095, 3871) exists
BCH (4095, 3883) exists
BCH (4095, 3895) exists
BCH (4095, 3907) exists
BCH (4095, 3919) exists
BCH (4095, 3925) exists
BCH (4095, 3937) exists
BCH (4095, 3949) exists
BCH (4095, 3961) exists
BCH (4095, 3973) exists
BCH (4095, 3985) exists
BCH (4095, 3997) exists
BCH (4095, 4000) exists
BCH (4095, 4012) exists
BCH (4095, 4024) exists
BCH (4095, 4036) exists
BCH (4095, 4048) exists
BCH (4095, 4052) exists
BCH (4095, 4064) exists
BCH (4095, 4076) exists
BCH (4095, 4082) exists
